<?xml version="1.0" encoding="UTF-8"?>
<testsuite name="com.example.ordrsmartapi.service.ProductServiceImplTest" tests="4" skipped="0" failures="0" errors="0" timestamp="2024-06-23T18:34:57" hostname="Haindavis-MacBook-Air.local" time="0.042">
  <properties/>
  <testcase name="test createProduct success()" classname="com.example.ordrsmartapi.service.ProductServiceImplTest" time="0.038"/>
  <testcase name="test getProduct found()" classname="com.example.ordrsmartapi.service.ProductServiceImplTest" time="0.002"/>
  <testcase name="test getProduct not found()" classname="com.example.ordrsmartapi.service.ProductServiceImplTest" time="0.001"/>
  <testcase name="test createProduct throws exception if ID is provided()" classname="com.example.ordrsmartapi.service.ProductServiceImplTest" time="0.001"/>
  <system-out><![CDATA[]]></system-out>
  <system-err><![CDATA[]]></system-err>
</testsuite>
